<?xml version="1.0" encoding="UTF-8"?>
<!-- Generated by org.testng.reporters.JUnitReportReporter -->
<testsuite hostname="DESKTOP-4H1N2J9" failures="0" tests="1" name="ResMan.RegressionE2E.Login" time="19.346" errors="0" timestamp="2020-08-20T23:03:03 IST" skipped="0">
  <testcase classname="ResMan.RegressionE2E.Login" name="login" time="19.346"/>
  <system-out/>
</testsuite> <!-- ResMan.RegressionE2E.Login -->
