<?xml version="1.0" encoding="UTF-8"?>
<!-- Generated by org.testng.reporters.JUnitReportReporter -->
<testsuite hostname="DESKTOP-4H1N2J9" failures="0" tests="1" name="ResMan.RegressionE2E.CreateProspect" time="8.378" errors="0" timestamp="2020-08-21T15:42:00 IST" skipped="0">
  <testcase classname="ResMan.RegressionE2E.CreateProspect" name="newprospect" time="8.378"/>
  <system-out/>
</testsuite> <!-- ResMan.RegressionE2E.CreateProspect -->
