<?xml version="1.0" encoding="UTF-8"?>
<!-- Generated by org.testng.reporters.JUnitReportReporter -->
<testsuite hostname="DESKTOP-4H1N2J9" failures="0" tests="1" name="ResMan.RegressionE2E.ConvertProspect" time="19.343" errors="0" timestamp="2020-08-21T20:54:44 IST" skipped="0">
  <testcase classname="ResMan.RegressionE2E.ConvertProspect" name="conversionprospect" time="19.343"/>
  <system-out/>
</testsuite> <!-- ResMan.RegressionE2E.ConvertProspect -->
