<?xml version="1.0" encoding="UTF-8"?>
<!-- Generated by org.testng.reporters.JUnitReportReporter -->
<testsuite hostname="DESKTOP-4H1N2J9" failures="0" tests="1" name="ResMan.RegressionE2E.NewTransactionResident" time="33.026" errors="0" timestamp="2020-08-22T18:28:44 IST" skipped="0">
  <testcase classname="ResMan.RegressionE2E.NewTransactionResident" name="residentNewtransaction" time="33.026"/>
  <system-out/>
</testsuite> <!-- ResMan.RegressionE2E.NewTransactionResident -->
